<?xml version="1.0" encoding="UTF-8"?>
<!-- Generated by org.testng.reporters.JUnitReportReporter -->
<testsuite skipped="0" hostname="Sunny" name="testSuites.TestLogin" tests="1" failures="0" timestamp="10 Sep 2017 20:23:14 GMT" time="20.504" errors="0">
  <testcase name="loginTest" time="20.504" classname="testSuites.TestLogin"/>
</testsuite> <!-- testSuites.TestLogin -->
