<?xml version="1.0" encoding="UTF-8"?>
<!-- Generated by org.testng.reporters.JUnitReportReporter -->
<testsuite skipped="0" hostname="Sunny" name="testSuites.adda.TestSummaryByReportingOptionWithBarChart" tests="1" failures="0" timestamp="10 Sep 2017 04:26:01 GMT" time="91.994" errors="0">
  <testcase name="dashboardTest" time="91.994" classname="testSuites.adda.TestSummaryByReportingOptionWithBarChart"/>
</testsuite> <!-- testSuites.adda.TestSummaryByReportingOptionWithBarChart -->
