<?xml version="1.0" encoding="UTF-8"?>
<!-- Generated by org.testng.reporters.JUnitReportReporter -->
<testsuite skipped="0" hostname="Sunny" name="testSuites.TestDashboard" tests="1" failures="0" timestamp="07 Sep 2017 03:03:40 GMT" time="74.739" errors="0">
  <testcase name="dashboardTest" time="74.739" classname="testSuites.TestDashboard"/>
</testsuite> <!-- testSuites.TestDashboard -->
