<?xml version="1.0" encoding="UTF-8"?>
<!-- Generated by org.testng.reporters.JUnitReportReporter -->
<testsuite skipped="0" hostname="Sunny" name="testSuites.HighExclusionNotExpected" tests="1" failures="0" timestamp="10 Sep 2017 20:09:13 GMT" time="80.014" errors="0">
  <testcase name="dashboardTest" time="80.014" classname="testSuites.HighExclusionNotExpected"/>
</testsuite> <!-- testSuites.HighExclusionNotExpected -->
