<?xml version="1.0" encoding="UTF-8"?>
<!-- Generated by org.testng.reporters.JUnitReportReporter -->
<testsuite skipped="0" hostname="Sunny" name="testSuites.TestSummaryByReportingOptionWithBarChart" tests="1" failures="0" timestamp="10 Sep 2017 20:09:13 GMT" time="82.155" errors="0">
  <testcase name="dashboardTest" time="82.155" classname="testSuites.TestSummaryByReportingOptionWithBarChart"/>
</testsuite> <!-- testSuites.TestSummaryByReportingOptionWithBarChart -->
