<?xml version="1.0" encoding="UTF-8"?>
<!-- Generated by org.testng.reporters.JUnitReportReporter -->
<testsuite skipped="0" hostname="Sunny" name="testSuites.TestSummaryByReportingOptionWithLineChart" tests="1" failures="0" timestamp="10 Sep 2017 20:09:13 GMT" time="99.115" errors="0">
  <testcase name="dashboardTest" time="99.115" classname="testSuites.TestSummaryByReportingOptionWithLineChart"/>
</testsuite> <!-- testSuites.TestSummaryByReportingOptionWithLineChart -->
